Generational
=================================================================
==> OnePointXover: ===========================
======> Problem: 0.in
166.0 162.81333333333333 0.0
166.0 162.62 0.0
166.0 162.89333333333335 0.0
166.0 162.39333333333335 0.0
166.0 162.52666666666667 0.0
166.0 162.53333333333333 0.0
166.0 162.52 0.0
166.0 162.59333333333333 0.0
166.0 162.3 0.0
166.0 162.70666666666668 0.0
======> Problem: 1.in
3500.0 3498.74 1427.0
3500.0 3497.6266666666666 12.0
3500.0 3492.346666666667 2.0
3500.0 3498.32 10.0
3500.0 3491.4533333333334 1.0
3500.0 3496.8733333333334 18.0
3500.0 3495.96 7.0
3500.0 3496.233333333333 11.0
3500.0 3492.5266666666666 2.0
3500.0 3498.4866666666667 15.0
======> Problem: 2.in
3500.0 3498.4066666666668 31.0
3499.0 3498.673333333333 1501.0
3500.0 3498.653333333333 18.0
3500.0 3496.56 7.0
3500.0 3498.7266666666665 781.0
3499.0 3498.7266666666665 1501.0
3500.0 3498.786666666667 289.0
3499.0 3498.5866666666666 1501.0
3499.0 3498.7466666666664 1501.0
3500.0 3498.7 29.0
======> Problem: 3.in
3500.0 3498.52 706.0
3500.0 3494.4466666666667 5.0
3500.0 3491.9266666666667 2.0
3500.0 3497.9533333333334 22.0
3500.0 3497.4 11.0
3500.0 3498.693333333333 292.0
3500.0 3495.9466666666667 11.0
3500.0 3498.62 24.0
3500.0 3498.7266666666665 36.0
3500.0 3497.6133333333332 11.0
======> Problem: 4.in
3500.0 3498.14 9.0
3500.0 3495.0866666666666 7.0
3500.0 3498.693333333333 36.0
3500.0 3498.76 12.0
3500.0 3496.3533333333335 12.0
3500.0 3496.22 8.0
3500.0 3495.7 8.0
3500.0 3498.653333333333 16.0
3500.0 3495.6866666666665 6.0
3500.0 3498.846666666667 31.0
======> Problem: 5.in
3500.0 3498.8133333333335 31.0
3500.0 3492.58 1.0
3500.0 3498.7733333333335 40.0
3500.0 3498.28 9.0
3500.0 3495.3333333333335 5.0
3500.0 3494.213333333333 3.0
3500.0 3498.26 13.0
3500.0 3496.54 7.0
3500.0 3498.786666666667 28.0
3500.0 3495.34 4.0
======> Problem: 6.in
3500.0 3496.2066666666665 11.0
3500.0 3492.233333333333 1.0
3500.0 3498.633333333333 67.0
3500.0 3494.4733333333334 3.0
3500.0 3498.306666666667 8.0
3500.0 3498.806666666667 11.0
3500.0 3496.8933333333334 9.0
3500.0 3495.233333333333 4.0
3500.0 3496.4133333333334 7.0
3500.0 3497.766666666667 10.0
==> TwoPointXover: ===========================
======> Problem: 0.in
166.0 162.54 0.0
166.0 162.52666666666667 0.0
166.0 162.32666666666665 0.0
166.0 162.75333333333333 0.0
166.0 162.46 0.0
166.0 162.32666666666665 0.0
166.0 162.72666666666666 0.0
166.0 162.55333333333334 0.0
166.0 162.62 0.0
166.0 162.42666666666668 0.0
======> Problem: 1.in
3500.0 3497.866666666667 8.0
3500.0 3497.7 11.0
3500.0 3498.52 32.0
3500.0 3498.633333333333 22.0
3500.0 3496.6266666666666 8.0
3500.0 3498.78 83.0
3500.0 3495.1266666666666 8.0
3499.0 3498.653333333333 1501.0
3500.0 3498.82 11.0
3500.0 3498.5666666666666 1222.0
======> Problem: 2.in
3500.0 3498.693333333333 44.0
3500.0 3497.68 15.0
3500.0 3497.5266666666666 9.0
3499.0 3498.5333333333333 1501.0
3499.0 3498.5933333333332 1501.0
3499.0 3498.62 1501.0
3500.0 3498.5666666666666 30.0
3500.0 3496.6 11.0
3500.0 3498.18 11.0
3499.0 3498.7533333333336 1501.0
======> Problem: 3.in
3500.0 3498.7 20.0
3500.0 3498.5466666666666 16.0
3500.0 3497.56 11.0
3500.0 3496.5466666666666 6.0
3500.0 3498.673333333333 69.0
3500.0 3498.7266666666665 29.0
3500.0 3498.153333333333 16.0
3500.0 3498.44 13.0
3499.0 3498.5133333333333 1501.0
3500.0 3497.02 6.0
======> Problem: 4.in
3500.0 3498.28 13.0
3500.0 3498.5533333333333 10.0
3500.0 3498.673333333333 95.0
3500.0 3492.9 2.0
3500.0 3498.6866666666665 20.0
3500.0 3497.366666666667 12.0
3500.0 3498.653333333333 28.0
3500.0 3496.1466666666665 6.0
3500.0 3497.7933333333335 9.0
3500.0 3497.1266666666666 10.0
======> Problem: 5.in
3500.0 3494.693333333333 4.0
3500.0 3497.0066666666667 9.0
3500.0 3497.866666666667 9.0
3500.0 3494.76 3.0
3500.0 3495.5666666666666 6.0
3500.0 3497.4266666666667 11.0
3500.0 3497.673333333333 12.0
3500.0 3496.78 7.0
3500.0 3496.133333333333 6.0
3500.0 3498.2066666666665 8.0
======> Problem: 6.in
3500.0 3497.0733333333333 6.0
3500.0 3495.5733333333333 5.0
3500.0 3492.46 1.0
3500.0 3496.4733333333334 15.0
3500.0 3498.846666666667 10.0
3500.0 3497.5666666666666 14.0
3500.0 3497.66 12.0
3500.0 3495.8 8.0
3500.0 3498.8733333333334 18.0
3500.0 3497.2533333333336 11.0
==> UniformXover: ===========================
======> Problem: 0.in
166.0 162.53333333333333 0.0
166.0 162.46 0.0
166.0 162.61333333333334 0.0
166.0 162.56 0.0
166.0 162.66666666666666 0.0
166.0 162.58666666666667 0.0
166.0 162.72666666666666 0.0
166.0 162.65333333333334 0.0
166.0 162.61333333333334 0.0
166.0 162.60666666666665 0.0
======> Problem: 1.in
3500.0 3494.7066666666665 7.0
3500.0 3495.213333333333 11.0
3500.0 3496.5533333333333 9.0
3500.0 3492.713333333333 3.0
3500.0 3495.44 8.0
3500.0 3496.7466666666664 13.0
3500.0 3496.1666666666665 12.0
3500.0 3496.3333333333335 11.0
3500.0 3498.6266666666666 31.0
3500.0 3496.346666666667 17.0
======> Problem: 2.in
3500.0 3496.6266666666666 11.0
3500.0 3498.0866666666666 20.0
3500.0 3497.68 17.0
3500.0 3496.0 15.0
3500.0 3497.74 18.0
3500.0 3495.5266666666666 12.0
3499.0 3498.6 1501.0
3500.0 3492.7733333333335 5.0
3499.0 3498.6466666666665 1501.0
3500.0 3496.6266666666666 19.0
======> Problem: 3.in
3500.0 3495.18 9.0
3500.0 3494.02 4.0
3500.0 3493.7933333333335 4.0
3500.0 3494.266666666667 7.0
3500.0 3495.3733333333334 8.0
3500.0 3496.14 12.0
3500.0 3495.14 8.0
3500.0 3498.673333333333 178.0
3500.0 3495.7266666666665 9.0
3500.0 3495.4866666666667 10.0
======> Problem: 4.in
3500.0 3495.5666666666666 10.0
3500.0 3494.713333333333 9.0
3500.0 3494.5933333333332 10.0
3500.0 3494.4533333333334 6.0
3500.0 3495.6466666666665 11.0
3500.0 3493.0133333333333 3.0
3500.0 3493.94 6.0
3500.0 3496.673333333333 8.0
3500.0 3493.6666666666665 7.0
3500.0 3494.1466666666665 7.0
======> Problem: 5.in
3500.0 3495.5 8.0
3500.0 3493.7533333333336 3.0
3500.0 3493.54 3.0
3500.0 3493.6066666666666 2.0
3500.0 3494.32 6.0
3500.0 3493.94 4.0
3500.0 3495.5866666666666 9.0
3500.0 3495.733333333333 6.0
3500.0 3495.86 6.0
3500.0 3493.266666666667 2.0
======> Problem: 6.in
3500.0 3493.846666666667 4.0
3500.0 3494.4466666666667 5.0
3500.0 3495.9066666666668 8.0
3500.0 3490.8866666666668 0.0
3500.0 3494.5866666666666 5.0
3500.0 3494.213333333333 5.0
3500.0 3492.5333333333333 1.0
3500.0 3494.4266666666667 8.0
3500.0 3495.9733333333334 12.0
3500.0 3494.5933333333332 6.0
Steady-state
=====================================================================
==> OnePointXover: ===========================
======> Problem: 0.in
166.0 162.37333333333333 0.0
166.0 162.56666666666666 0.0
166.0 162.59333333333333 0.0
166.0 162.52 0.0
166.0 162.85333333333332 0.0
166.0 162.32 0.0
166.0 162.64666666666668 0.0
166.0 162.93333333333334 0.0
166.0 162.63333333333333 0.0
166.0 162.78666666666666 0.0
======> Problem: 1.in
3500.0 3499.0066666666667 458.0
3500.0 3497.54 91.0
3500.0 3494.72 24.0
3500.0 3499.0 164.0
3500.0 3497.4133333333334 74.0
3500.0 3498.9933333333333 168.0
3500.0 3497.68 89.0
3500.0 3495.36 54.0
3500.0 3495.1666666666665 36.0
3500.0 3499.0 867.0
======> Problem: 2.in
3500.0 3498.2466666666664 90.0
3500.0 3496.1266666666666 81.0
3500.0 3497.5666666666666 100.0
3500.0 3494.7533333333336 44.0
3499.0 3499.0 1501.0
3499.0 3499.0 1501.0
3500.0 3499.0066666666667 1012.0
3500.0 3495.4866666666667 82.0
3500.0 3496.4066666666668 65.0
3500.0 3496.5866666666666 67.0
======> Problem: 3.in
3499.0 3498.92 1501.0
3499.0 3498.98 1501.0
3500.0 3498.88 106.0
3500.0 3495.62 36.0
3500.0 3496.3933333333334 37.0
3500.0 3496.64 64.0
3500.0 3496.4466666666667 31.0
3500.0 3496.2 57.0
3500.0 3495.8933333333334 40.0
3500.0 3497.32 74.0
======> Problem: 4.in
3500.0 3497.1133333333332 38.0
3500.0 3495.96 38.0
3500.0 3496.18 33.0
3500.0 3496.4266666666667 37.0
3500.0 3496.56 55.0
3500.0 3495.3733333333334 22.0
3500.0 3496.4933333333333 42.0
3500.0 3496.0533333333333 39.0
3500.0 3498.0933333333332 62.0
3500.0 3496.38 43.0
======> Problem: 5.in
3500.0 3497.1266666666666 48.0
3500.0 3493.4933333333333 7.0
3500.0 3495.693333333333 39.0
3500.0 3495.4866666666667 20.0
3500.0 3497.693333333333 76.0
3500.0 3496.213333333333 56.0
3500.0 3497.733333333333 57.0
3500.0 3498.2266666666665 53.0
3500.0 3493.8933333333334 10.0
3500.0 3497.12 57.0
======> Problem: 6.in
3500.0 3497.2066666666665 40.0
3500.0 3496.88 56.0
3500.0 3497.9666666666667 70.0
3500.0 3495.8533333333335 33.0
3500.0 3497.633333333333 44.0
3500.0 3495.5933333333332 23.0
3500.0 3497.1466666666665 61.0
3500.0 3497.153333333333 50.0
3499.0 3499.0 1501.0
3500.0 3497.326666666667 55.0
==> TwoPointXover: ===========================
======> Problem: 0.in
166.0 162.6 0.0
166.0 162.56666666666666 0.0
166.0 162.76 0.0
166.0 162.69333333333333 0.0
166.0 162.94 0.0
166.0 162.58 0.0
166.0 162.50666666666666 0.0
166.0 162.06666666666666 0.0
166.0 162.31333333333333 0.0
166.0 162.28 0.0
======> Problem: 1.in
3500.0 3498.9733333333334 400.0
3500.0 3499.0 171.0
3500.0 3499.0066666666667 160.0
3500.0 3499.0 115.0
3500.0 3497.9666666666667 780.0
3500.0 3498.18 140.0
3500.0 3499.0 564.0
3500.0 3499.0133333333333 402.0
3500.0 3499.0066666666667 130.0
3500.0 3498.9933333333333 97.0
======> Problem: 2.in
3499.0 3498.96 1501.0
3499.0 3499.0 1501.0
3499.0 3498.9666666666667 1501.0
3499.0 3498.8933333333334 1501.0
3500.0 3497.8866666666668 61.0
3499.0 3498.98 1501.0
3499.0 3499.0 1501.0
3499.0 3498.9666666666667 1501.0
3500.0 3498.1466666666665 111.0
3500.0 3498.4666666666667 158.0
======> Problem: 3.in
3500.0 3499.0133333333333 478.0
3500.0 3497.0866666666666 59.0
3500.0 3499.0066666666667 149.0
3500.0 3492.56 11.0
3500.0 3498.233333333333 52.0
3500.0 3498.5 119.0
3498.0 3497.98 1501.0
3500.0 3498.9666666666667 119.0
3499.0 3499.0 1501.0
3500.0 3498.96 88.0
======> Problem: 4.in
3500.0 3499.0 193.0
3500.0 3495.56 29.0
3500.0 3498.8733333333334 91.0
3500.0 3498.193333333333 67.0
3500.0 3499.0066666666667 196.0
3500.0 3499.0 236.0
3500.0 3498.9666666666667 141.0
3500.0 3498.5666666666666 79.0
3500.0 3498.6666666666665 142.0
3500.0 3497.7266666666665 43.0
======> Problem: 5.in
3500.0 3497.94 64.0
3500.0 3499.0066666666667 251.0
3500.0 3495.4666666666667 27.0
3500.0 3499.0066666666667 233.0
3500.0 3498.9933333333333 134.0
3500.0 3497.28 32.0
3500.0 3497.4466666666667 61.0
3500.0 3497.0666666666666 43.0
3500.0 3499.0066666666667 517.0
3500.0 3497.633333333333 53.0
======> Problem: 6.in
3500.0 3497.6466666666665 67.0
3500.0 3497.9866666666667 74.0
3500.0 3499.0066666666667 898.0
3500.0 3498.7933333333335 63.0
3500.0 3499.0066666666667 115.0
3500.0 3498.9866666666667 278.0
3500.0 3494.5733333333333 11.0
3500.0 3498.98 98.0
3500.0 3497.7066666666665 46.0
3500.0 3490.7 0.0
==> UniformXover: ===========================
======> Problem: 0.in
166.0 162.84666666666666 0.0
166.0 162.51333333333332 0.0
166.0 162.25333333333333 0.0
166.0 162.76 0.0
166.0 162.58 0.0
166.0 162.48666666666668 0.0
166.0 162.44 0.0
166.0 162.65333333333334 0.0
166.0 162.42666666666668 0.0
166.0 162.54 0.0
======> Problem: 1.in
3500.0 3497.5466666666666 64.0
3500.0 3497.653333333333 82.0
3500.0 3497.1133333333332 72.0
3500.0 3499.02 625.0
3500.0 3496.3933333333334 54.0
3500.0 3496.92 51.0
3500.0 3498.153333333333 89.0
3500.0 3493.7533333333336 26.0
3500.0 3498.5133333333333 85.0
3500.0 3496.9066666666668 63.0
======> Problem: 2.in
3500.0 3498.0466666666666 111.0
3500.0 3497.42 83.0
3499.0 3499.0 1501.0
3499.0 3498.9666666666667 1501.0
3499.0 3499.0 1501.0
3500.0 3495.2466666666664 61.0
3499.0 3498.92 1501.0
3499.0 3499.0 1501.0
3500.0 3497.806666666667 117.0
3500.0 3498.76 105.0
======> Problem: 3.in
3500.0 3496.9666666666667 40.0
3500.0 3499.0066666666667 1177.0
3500.0 3496.286666666667 73.0
3500.0 3495.5666666666666 45.0
3500.0 3496.2266666666665 41.0
3500.0 3497.0266666666666 58.0
3500.0 3495.693333333333 39.0
3500.0 3498.2733333333335 75.0
3500.0 3498.98 153.0
3500.0 3496.9466666666667 75.0
======> Problem: 4.in
3500.0 3496.34 51.0
3500.0 3495.8333333333335 38.0
3500.0 3497.06 64.0
3500.0 3497.5733333333333 63.0
3500.0 3497.1266666666666 51.0
3500.0 3496.5733333333333 74.0
3500.0 3497.62 66.0
3500.0 3496.9933333333333 60.0
3500.0 3498.12 64.0
3500.0 3496.4066666666668 58.0
======> Problem: 5.in
3500.0 3498.26 65.0
3500.0 3494.5333333333333 11.0
3500.0 3496.9 32.0
3500.0 3494.0866666666666 8.0
3499.0 3499.0 1501.0
3500.0 3497.233333333333 56.0
3500.0 3496.9066666666668 34.0
3500.0 3496.693333333333 39.0
3500.0 3491.6266666666666 0.0
3500.0 3497.2933333333335 47.0
======> Problem: 6.in
3500.0 3498.5666666666666 93.0
3500.0 3496.766666666667 49.0
3500.0 3498.153333333333 65.0
3500.0 3497.0133333333333 39.0
3500.0 3496.866666666667 41.0
3500.0 3497.2 24.0
3500.0 3497.3933333333334 69.0
3500.0 3495.84 30.0
3500.0 3496.2066666666665 29.0
3499.0 3499.0 1501.0
